<?xml version="1.0" encoding="utf-8"?>
<TestRun id="f3852806-bc61-4e09-a7f0-d9334c05e580" name="zainh@MHPC-WORKSTATIO 2026-06-02 11:47:34" runUser="MHPC-WORKSTATIO\zainh" xmlns="http://microsoft.com/schemas/VisualStudio/TeamTest/2010">
  <Times creation="2026-06-02T11:47:34.9472997+02:00" queuing="2026-06-02T11:47:34.9473000+02:00" start="2026-06-02T11:46:41.5669893+02:00" finish="2026-06-02T11:47:34.9509849+02:00" />
  <TestSettings name="default" id="0cac763b-4fae-4ec9-b5ba-7952dcde87a4">
    <Deployment runDeploymentRoot="zainh_MHPC-WORKSTATIO_2026-06-02_11_47_34" />
  </TestSettings>
  <Results>
    <UnitTestResult executionId="b4d30e0f-5be5-4ee0-852d-048ad4dad3c0" testId="b82710e2-e5c7-c29c-5b1d-43a7f5858006" testName="T001_LoadEmpty" computerName="MHPC-WORKSTATIO" duration="00:00:00.0055540" startTime="2026-06-02T11:47:32.1085694+02:00" endTime="2026-06-02T11:47:32.1140669+02:00" testType="13cdc9d9-ddb5-4fa4-a97d-d965ccfc6d4b" outcome="Passed" testListId="8c84fa94-04c1-424b-9868-57a2d4851a1d" relativeResultsDirectory="b4d30e0f-5be5-4ee0-852d-048ad4dad3c0">
      <Output>
        <StdOut>===&gt; In Test Method : T001_LoadEmpty &lt;===</StdOut>
      </Output>
    </UnitTestResult>
  </Results>
  <TestDefinitions>
    <UnitTest name="T001_LoadEmpty" storage="d:\opensim-next\opensim\opensim\tests\bin\release\net10.0\opensim.nunit3.tests.dll" id="b82710e2-e5c7-c29c-5b1d-43a7f5858006">
      <Execution id="b4d30e0f-5be5-4ee0-852d-048ad4dad3c0" />
      <TestMethod codeBase="D:\opensim-next\opensim\OpenSim\Tests\bin\Release\net10.0\OpenSim.NUnit3.Tests.dll" adapterTypeName="executor://nunit3testexecutor/" className="OpenSim.Data.Tests.SQLiteAssetTests" name="T001_LoadEmpty" />
    </UnitTest>
  </TestDefinitions>
  <TestEntries>
    <TestEntry testId="b82710e2-e5c7-c29c-5b1d-43a7f5858006" executionId="b4d30e0f-5be5-4ee0-852d-048ad4dad3c0" testListId="8c84fa94-04c1-424b-9868-57a2d4851a1d" />
  </TestEntries>
  <TestLists>
    <TestList name="Ergebnisse nicht in einer Liste" id="8c84fa94-04c1-424b-9868-57a2d4851a1d" />
    <TestList name="Alle geladenen Ergebnisse" id="19431567-8539-422a-85d7-44ee4e166bda" />
  </TestLists>
  <ResultSummary outcome="Completed">
    <Counters total="1" executed="1" passed="1" failed="0" error="0" timeout="0" aborted="0" inconclusive="0" passedButRunAborted="0" notRunnable="0" notExecuted="0" disconnected="0" warning="0" completed="0" inProgress="0" pending="0" />
    <Output>
      <StdOut>NUnit Adapter 4.6.0.0: Test execution started&#xD;
Running selected tests in D:\opensim-next\opensim\OpenSim\Tests\bin\Release\net10.0\OpenSim.NUnit3.Tests.dll&#xD;
   NUnit3TestExecutor discovered 1 of 1 NUnit test cases using Current Discovery mode, Non-Explicit run&#xD;
&#xD;
===&gt; In Test Method : T001_LoadEmpty &lt;===&#xD;
&#xD;
NUnit Adapter 4.6.0.0: Test execution complete&#xD;
</StdOut>
    </Output>
    <CollectorDataEntries>
      <Collector agentName="MHPC-WORKSTATIO" uri="datacollector://microsoft/CoverletCodeCoverage/1.0" collectorDisplayName="XPlat code coverage">
        <UriAttachments>
          <UriAttachment>
            <A href="MHPC-WORKSTATIO\coverage.cobertura.xml"></A>
          </UriAttachment>
          <UriAttachment>
            <A href="MHPC-WORKSTATIO\coverage.info"></A>
          </UriAttachment>
        </UriAttachments>
      </Collector>
    </CollectorDataEntries>
  </ResultSummary>
</TestRun>