<?xml version="1.0" encoding="utf-8"?>
<TestRun id="e3cdc6a2-a258-4587-aab0-47ae04eb8719" name="zainh@MHPC-WORKSTATIO 2026-06-02 11:55:27" runUser="MHPC-WORKSTATIO\zainh" xmlns="http://microsoft.com/schemas/VisualStudio/TeamTest/2010">
  <Times creation="2026-06-02T11:55:27.9742241+02:00" queuing="2026-06-02T11:55:27.9742245+02:00" start="2026-06-02T11:55:25.2987837+02:00" finish="2026-06-02T11:55:27.9745947+02:00" />
  <TestSettings name="default" id="065955dc-6766-4903-8a1b-88cedb2ab356">
    <Deployment runDeploymentRoot="zainh_MHPC-WORKSTATIO_2026-06-02_11_55_27" />
  </TestSettings>
  <TestLists>
    <TestList name="Ergebnisse nicht in einer Liste" id="8c84fa94-04c1-424b-9868-57a2d4851a1d" />
    <TestList name="Alle geladenen Ergebnisse" id="19431567-8539-422a-85d7-44ee4e166bda" />
  </TestLists>
  <ResultSummary outcome="Failed">
    <Counters total="0" executed="0" passed="0" failed="0" error="0" timeout="0" aborted="0" inconclusive="0" passedButRunAborted="0" notRunnable="0" notExecuted="0" disconnected="0" warning="0" completed="0" inProgress="0" pending="0" />
    <Output>
      <StdOut>NUnit Adapter 4.6.0.0: Test execution started&#xD;
Running selected tests in D:\opensim-next\opensim\OpenSim\Tests\bin\Release\net8.0\OpenSim.NUnit3.Tests.dll&#xD;
   NUnit3TestExecutor discovered 0 of 0 NUnit test cases using Current Discovery mode, Explicit run&#xD;
NUnit Adapter 4.6.0.0: Test execution complete&#xD;
</StdOut>
    </Output>
    <RunInfos>
      <RunInfo computerName="MHPC-WORKSTATIO" outcome="Warning" timestamp="2026-06-02T11:55:27.8876990+02:00">
        <Text>Kein Test entspricht dem angegebenen Testfallfilter "FullyQualifiedName~SQLite" in "D:\opensim-next\opensim\OpenSim\Tests\bin\Release\net8.0\OpenSim.NUnit3.Tests.dll".</Text>
      </RunInfo>
    </RunInfos>
    <CollectorDataEntries>
      <Collector agentName="MHPC-WORKSTATIO" uri="datacollector://microsoft/CoverletCodeCoverage/1.0" collectorDisplayName="XPlat code coverage">
        <UriAttachments>
          <UriAttachment>
            <A href="MHPC-WORKSTATIO\coverage.cobertura.xml"></A>
          </UriAttachment>
          <UriAttachment>
            <A href="MHPC-WORKSTATIO\coverage.info"></A>
          </UriAttachment>
        </UriAttachments>
      </Collector>
    </CollectorDataEntries>
  </ResultSummary>
</TestRun>